<?xml version="1.0" encoding="UTF-8"?>
<!-- Generated by org.testng.reporters.JUnitReportReporter -->
<testsuite skipped="0" hostname="DESKTOP-RFFJ72B" name="sample.sample.Getallincidentwithqueryparam" tests="1" failures="0" timestamp="16 Dec 2020 08:08:55 GMT" time="11.670" errors="0">
  <testcase name="restassured" time="11.670" classname="sample.sample.Getallincidentwithqueryparam"/>
</testsuite> <!-- sample.sample.Getallincidentwithqueryparam -->
