<?xml version="1.0" encoding="UTF-8"?>
<!-- Generated by org.testng.reporters.JUnitReportReporter -->
<testsuite skipped="0" hostname="DESKTOP-RFFJ72B" name="sample.sample.Createincidentwithoutbody" tests="1" failures="0" timestamp="16 Dec 2020 08:55:46 GMT" time="7.516" errors="0">
  <testcase name="restassured" time="7.516" classname="sample.sample.Createincidentwithoutbody"/>
</testsuite> <!-- sample.sample.Createincidentwithoutbody -->
