<?xml version="1.0" encoding="UTF-8"?>
<!-- Generated by org.testng.reporters.JUnitReportReporter -->
<testsuite skipped="0" hostname="DESKTOP-RFFJ72B" name="sample.sample.Getallincident" tests="1" failures="0" timestamp="16 Dec 2020 07:49:37 GMT" time="5.983" errors="0">
  <testcase name="restassured" time="5.983" classname="sample.sample.Getallincident"/>
</testsuite> <!-- sample.sample.Getallincident -->
