<?xml version="1.0" encoding="UTF-8"?>
<!-- Generated by org.testng.reporters.JUnitReportReporter -->
<testsuite skipped="0" hostname="DESKTOP-RFFJ72B" name="sample.sample.Getallincidentwithxmlformat" tests="1" failures="0" timestamp="16 Dec 2020 08:16:32 GMT" time="10.966" errors="0">
  <testcase name="restassured" time="10.966" classname="sample.sample.Getallincidentwithxmlformat"/>
</testsuite> <!-- sample.sample.Getallincidentwithxmlformat -->
